Base path: D:/Program Files (x86)/Unity4_7_0/Editor/Data
Pipe name: \\.\pipe\UnityShaderCompiler-1-43380
Cmd: getPlatforms
Cmd: preprocess
  insize=2857 outsize=960 ok=1
Cmd: compileSnippet
  api=4 type=0 insize=2201 outsize=1697 kw= ok=1
Cmd: compileSnippet
  api=4 type=1 insize=2201 outsize=1810 kw= ok=1
Cmd: preprocess
  insize=1571 outsize=492 ok=1
Cmd: preprocess
  insize=2364 outsize=858 ok=1
Cmd: compileSnippet
  api=4 type=0 insize=1808 outsize=1697 kw= ok=1
Cmd: compileSnippet
  api=4 type=1 insize=1808 outsize=1307 kw= ok=1
Cmd: preprocess
  insize=2330 outsize=479 ok=1
Cmd: preprocess
  insize=1964 outsize=478 ok=1
Cmd: preprocess
  insize=1632 outsize=845 ok=1
Cmd: compileSnippet
  api=4 type=0 insize=1086 outsize=1193 kw= ok=1
Cmd: compileSnippet
  api=4 type=1 insize=1086 outsize=1006 kw= ok=1
Cmd: preprocess
  insize=1813 outsize=840 ok=1
Cmd: compileSnippet
  api=4 type=0 insize=1275 outsize=1388 kw= ok=1
Cmd: compileSnippet
  api=4 type=1 insize=1275 outsize=1185 kw= ok=1
Cmd: preprocess
  insize=2450 outsize=535 ok=1
Cmd: preprocess
  insize=2716 outsize=842 ok=1
Cmd: compileSnippet
  api=4 type=0 insize=2178 outsize=2078 kw= ok=1
Cmd: compileSnippet
  api=4 type=1 insize=2178 outsize=1648 kw= ok=1
Cmd: preprocess
  insize=2083 outsize=533 ok=1
Cmd: preprocess
  insize=1941 outsize=719 ok=1
Cmd: compileSnippet
  api=4 type=0 insize=1525 outsize=1510 kw= ok=1
Cmd: compileSnippet
  api=4 type=1 insize=1525 outsize=1615 kw= ok=1
Cmd: preprocess
  insize=1452 outsize=830 ok=1
Cmd: preprocess
  insize=1503 outsize=625 ok=1
Cmd: preprocess
  insize=3219 outsize=960 ok=1
Cmd: compileSnippet
  api=4 type=0 insize=2563 outsize=2078 kw= ok=1
Cmd: compileSnippet
  api=4 type=1 insize=2563 outsize=2152 kw= ok=1
Cmd: preprocess
  insize=1460 outsize=838 ok=1
Cmd: compileSnippet
  api=4 type=0 insize=924 outsize=1193 kw= ok=1
Cmd: compileSnippet
  api=4 type=1 insize=924 outsize=811 kw= ok=1
Cmd: preprocess
  insize=1560 outsize=533 ok=1
Cmd: preprocess
  insize=1428 outsize=478 ok=1
Cmd: preprocess
  insize=3042 outsize=1804 ok=1
Cmd: preprocess
  insize=2320 outsize=960 ok=1
Cmd: compileSnippet
  api=4 type=0 insize=1664 outsize=1388 kw= ok=1
Cmd: compileSnippet
  api=4 type=1 insize=1664 outsize=1632 kw= ok=1
Cmd: preprocess
  insize=2474 outsize=494 ok=1
Cmd: preprocess
  insize=1469 outsize=507 ok=1
Cmd: compileSnippet
  api=4 type=0 insize=1264 outsize=1388 kw= ok=1
Cmd: compileSnippet
  api=4 type=1 insize=1264 outsize=1810 kw= ok=1
Cmd: preprocess
  insize=1953 outsize=938 ok=1
Cmd: compileSnippet
  api=4 type=0 insize=1317 outsize=1193 kw= ok=1
Cmd: compileSnippet
  api=4 type=1 insize=1317 outsize=1250 kw= ok=1
Cmd: preprocess
  insize=5978 outsize=3431 ok=1
Cmd: preprocess
  insize=1464 outsize=884 ok=1
Cmd: preprocess
  insize=2361 outsize=2258 ok=1
Cmd: preprocess
  insize=1293 outsize=490 ok=1
Cmd: compileSnippet
  api=4 type=0 insize=1105 outsize=1510 kw= ok=1
Cmd: compileSnippet
  api=4 type=1 insize=1105 outsize=1120 kw= ok=1
Cmd: preprocess
  insize=1232 outsize=482 ok=1
Cmd: preprocess
  insize=2107 outsize=492 ok=1
